Arguments: 
  C:\Program Files\nodejs\node.exe C:\Users\Евгений\AppData\Roaming\npm\node_modules\yarn\bin\yarn.js add -D webpack webpack-CLI

PATH: 
  C:\Windows\system32;C:\Windows;C:\Windows\System32\Wbem;C:\Windows\System32\WindowsPowerShell\v1.0\;C:\Windows\System32\OpenSSH\;C:\Program Files\Git\cmd;C:\Users\Евгений\AppData\Roaming\nvm;C:\Program Files\nodejs;C:\Users\Евгений\AppData\Local\Microsoft\WindowsApps;C:\Users\Евгений\AppData\Local\Programs\Microsoft VS Code\bin;C:\Users\Евгений\AppData\Roaming\npm;C:\Users\Евгений\AppData\Roaming\nvm;C:\Program Files\nodejs

Yarn version: 
  1.22.17

Node version: 
  16.13.1

Platform: 
  win32 x64

Trace: 
  Error: https://registry.yarnpkg.com/webpack-CLI: Not found
      at Request.params.callback [as _callback] (C:\Users\Евгений\AppData\Roaming\npm\node_modules\yarn\lib\cli.js:67029:18)
      at Request.self.callback (C:\Users\Евгений\AppData\Roaming\npm\node_modules\yarn\lib\cli.js:140883:22)
      at Request.emit (node:events:390:28)
      at Request.<anonymous> (C:\Users\Евгений\AppData\Roaming\npm\node_modules\yarn\lib\cli.js:141855:10)
      at Request.emit (node:events:390:28)
      at IncomingMessage.<anonymous> (C:\Users\Евгений\AppData\Roaming\npm\node_modules\yarn\lib\cli.js:141777:12)
      at Object.onceWrapper (node:events:509:28)
      at IncomingMessage.emit (node:events:402:35)
      at endReadableNT (node:internal/streams/readable:1343:12)
      at processTicksAndRejections (node:internal/process/task_queues:83:21)

npm manifest: 
  {
    "name": "task2",
    "version": "1.0.0",
    "main": "index.js",
    "repository": "https://github.com/evg-zlg/metalamp.task2.git",
    "author": "evg-zlg <evg.zalogin@gmail.com>",
    "license": "MIT",
    "private": true
  }

yarn manifest: 
  No manifest

Lockfile: 
  No lockfile
